TN:
SF:src/modules/users/services/CreateUser/index.ts
FN:15,CreateUserService
FN:20,execute
FNF:2
FNH:2
FNDA:2,CreateUserService
FNDA:3,execute
DA:1,1
DA:2,1
DA:3,1
DA:4,1
DA:5,1
DA:6,1
DA:7,1
DA:8,1
DA:9,1
DA:10,1
DA:11,1
DA:12,1
DA:13,1
DA:14,1
DA:15,1
DA:16,2
DA:17,2
DA:18,2
DA:19,1
DA:20,1
DA:21,3
DA:22,3
DA:23,3
DA:24,3
DA:25,3
DA:26,3
DA:27,3
DA:28,3
DA:29,1
DA:30,1
DA:31,1
DA:32,1
DA:33,1
DA:34,1
DA:35,1
DA:36,2
DA:37,2
DA:38,2
DA:39,2
DA:40,2
DA:41,2
DA:42,2
DA:43,2
DA:44,2
DA:45,2
DA:46,1
DA:47,1
DA:48,1
LF:48
LH:48
BRDA:15,0,0,2
BRDA:20,1,0,3
BRDA:28,2,0,1
BRDA:36,3,0,2
BRF:4
BRH:4
end_of_record
TN:
SF:src/modules/users/services/GetUsersByEmails/index.ts
FN:7,GetUsersByEmailsService
FN:12,execute
FNF:2
FNH:2
FNDA:2,GetUsersByEmailsService
FNDA:2,execute
DA:1,1
DA:2,1
DA:3,1
DA:4,1
DA:5,1
DA:6,1
DA:7,1
DA:8,2
DA:9,2
DA:10,2
DA:11,1
DA:12,1
DA:13,2
DA:14,2
DA:15,2
DA:16,2
DA:17,1
DA:18,1
DA:19,1
LF:19
LH:19
BRDA:7,0,0,2
BRDA:12,1,0,2
BRF:2
BRH:2
end_of_record
